Arguments: 
  /home/pedro/.nvm/versions/node/v12.16.0/bin/node /usr/share/yarn/bin/yarn.js init

PATH: 
  /home/pedro/.nvm/versions/node/v12.16.0/bin::/home/pedro/go/bin:/home/pedro/.composer/vendor/bin:/home/pedro/.cargo/bin:/home/pedro/.rvm/gems/ruby-2.5.5/bin:/home/pedro/.rvm/gems/ruby-2.5.5@global/bin:/home/pedro/.rvm/rubies/ruby-2.5.5/bin:/home/pedro/.cargo/bin:/usr/local/sbin:/usr/local/bin:/usr/sbin:/usr/bin:/sbin:/bin:/usr/games:/usr/local/games:/snap/bin:/home/pedro/.rvm/bin:/home/pedro/go/bin:/home/pedro/development/flutter/bin

Yarn version: 
  1.21.1

Node version: 
  12.16.0

Platform: 
  linux x64

Trace: 
  Error: canceled
      at Interface.<anonymous> (/usr/share/yarn/lib/cli.js:136925:13)
      at Interface.emit (events.js:321:20)
      at Interface._ttyWrite (readline.js:893:16)
      at ReadStream.onkeypress (readline.js:198:10)
      at ReadStream.emit (events.js:321:20)
      at emitKeys (internal/readline/utils.js:438:14)
      at emitKeys.next (<anonymous>)
      at ReadStream.onData (readline.js:1160:36)
      at ReadStream.emit (events.js:321:20)
      at addChunk (_stream_readable.js:294:12)

npm manifest: 
  {
      "name": "vanhack-events",
      "version": "0.0.1",
      "description": "Dummy JSON data to implement a basic events page based on VanHack."
  }

yarn manifest: 
  No manifest

Lockfile: 
  No lockfile
